<?xml version="1.0" encoding="UTF-8"?>
<!-- Generated by org.testng.reporters.JUnitReportReporter -->
<testsuite skipped="0" hostname="ShardaPSoni-PC" name="test.day4" tests="4" failures="0" timestamp="08 Jun 2021 17:55:36 GMT" time="0.000" errors="0">
  <testcase name="MobileHomeLoan" time="0.000" classname="test.day4"/>
  <testcase name="MobileHomeLoan" time="0.000" classname="test.day4"/>
  <testcase name="WebHomeLoan" time="0.000" classname="test.day4"/>
  <testcase name="ApiHomeLoan" time="0.000" classname="test.day4"/>
</testsuite> <!-- test.day4 -->
