<?xml version="1.0" encoding="UTF-8"?>
<!-- Generated by org.testng.reporters.JUnitReportReporter -->
<testsuite skipped="0" hostname="ShardaPSoni-PC" name="test.day2" tests="1" failures="0" timestamp="08 Jun 2021 17:55:36 GMT" time="0.000" errors="0">
  <testcase name="demo3" time="0.000" classname="test.day2"/>
</testsuite> <!-- test.day2 -->
