<?xml version="1.0" encoding="UTF-8"?>
<!-- Generated by org.testng.reporters.JUnitReportReporter -->
<testsuite skipped="0" hostname="ShardaPSoni-PC" name="test.day3" tests="3" failures="0" timestamp="08 Jun 2021 17:55:36 GMT" time="0.016" errors="0">
  <testcase name="WebCarLoan" time="0.000" classname="test.day3"/>
  <testcase name="MobileCarLoan" time="0.000" classname="test.day3"/>
  <testcase name="ApiCarLoan" time="0.016" classname="test.day3"/>
</testsuite> <!-- test.day3 -->
