<?xml version="1.0" encoding="UTF-8"?>
<!-- Generated by org.testng.reporters.JUnitReportReporter -->
<testsuite skipped="0" hostname="ShardaPSoni-PC" name="test.first" tests="2" failures="0" timestamp="08 Jun 2021 10:14:17 GMT" time="0.016" errors="0">
  <testcase name="demo2" time="0.000" classname="test.first"/>
  <testcase name="demo1" time="0.016" classname="test.first"/>
</testsuite> <!-- test.first -->
