<?xml version="1.0" encoding="UTF-8"?>
<!-- Generated by org.testng.reporters.JUnitReportReporter -->
<testsuite skipped="0" hostname="ShardaPSoni-PC" name="test.first" tests="1" failures="0" timestamp="08 Jun 2021 10:04:02 GMT" time="0.016" errors="0">
  <testcase name="demo" time="0.016" classname="test.first"/>
</testsuite> <!-- test.first -->
